
	            G L O B A L   R E F E R E N C E S

	             Name               Value        Type
	==============================|=======|===============
	FIM_TEXTO                        0040         CONSTANT
	WRITE                            FFFE         CONSTANT
	INITIAL_SP                       FDFF         CONSTANT
	CURSOR                           FFFC         CONSTANT
	CURSOR_INIT                      FFFF         CONSTANT
	TEMP                             FFF7         CONSTANT
	INTERVAL                         FFF6         CONSTANT
	ROW_SHIFT                        0008         CONSTANT
	TextScore                        8000           STRING
	TextLifes                        8007           STRING
	TextTutorial                     800E           STRING
	TextIndex                        8017         VARIABLE
	RowIndex                         8018         VARIABLE
	ColumnIndex                      8019         VARIABLE
	StringIndex                      801A         VARIABLE
	PalhEsqPos                       801B         VARIABLE
	PalhDirPos                       801C         VARIABLE
	BallRowIndex                     801D         VARIABLE
	BallColumnIndex                  801E         VARIABLE
	Direcao                          801F         VARIABLE
	Verificado                       8020         VARIABLE
	INT0                             FE00         VARIABLE
	INT1                             FE01         VARIABLE
	INT2                             FE02         VARIABLE
	INT15                            FE0F         VARIABLE
	WriteLineInit                    0002            LABEL
	WriteTop                         000C            LABEL
	WriteFloor                       0029            LABEL
	WriteWallInit                    0044            LABEL
	WriteWall                        0050            LABEL
	DesignInit                       006C            LABEL
	ImprimirColInit                  0074            LABEL
	ImprimirColuna                   0088            LABEL
	ImprimirColEnd                   0099            LABEL
	ImprimirScoreInit                009E            LABEL
	ImprimirScore                    00B6            LABEL
	ImprimirLifesInit                00CB            LABEL
	ImprimirLifes                    00E3            LABEL
	ImprimirTutInit                  00F8            LABEL
	ImprimirTutor                    0110            LABEL
	ImprimirEnd                      0125            LABEL
	ImprimirCol2Init                 012A            LABEL
	ImprimirQuinInf                  0140            LABEL
	QuinInfEsq                       014C            LABEL
	QuinInfDir                       0187            LABEL
	ImprimirColEsqInit               01BF            LABEL
	ImprimirCol3Init                 01D5            LABEL
	ImprimirCol4Init                 01EB            LABEL
	EscCar                           0201            LABEL
	EscreverString                   0206            LABEL
	Ciclo                            0209            LABEL
	FimEsc                           0212            LABEL
	ImprimirObst1                    0216            LABEL
	ImprimirObst2                    029B            LABEL
	ImprimirObst3                    0320            LABEL
	ImprimirPalhetas                 03A5            LABEL
	SobePalhetaEsq                   03D8            LABEL
	SobePalhetaDir                   040B            LABEL
	DescePalhetEsq                   043E            LABEL
	DescePalhetDir                   0471            LABEL
	ColisaoTopo                      04A4            LABEL
	FimColisaoTopo                   04C2            LABEL
	ColisaoColEsq                    04C5            LABEL
	FimColisaoColEsq                 04DF            LABEL
	ColisaoColInt                    04E2            LABEL
	FimColisaoColInt                 0504            LABEL
	ColisaoColDir                    0507            LABEL
	FimColisaoColDir                 0525            LABEL
	ColisaoQuiEsq                    0528            LABEL
	CicloQuinaEsq                    053F            LABEL
	ProximaQuinaEsq                  054D            LABEL
	FimCicloQuinaEsq                 0552            LABEL
	FimColisaoQuiEsq                 0554            LABEL
	ColisaoQuiDir                    055A            LABEL
	CicloQuinaDir                    0571            LABEL
	ProximaQuinaDir                  057F            LABEL
	FimCicloQuinaDir                 0584            LABEL
	FimColisaoQuiDir                 0586            LABEL
	ColisaoObst1                     058C            LABEL
	VerLinhaObst1                    0599            LABEL
	VerColObst1                      05A1            LABEL
	FimVerObst1                      05B5            LABEL
	FimColisaoObst1                  05B7            LABEL
	ColisaoObst2e3                   05BB            LABEL
	VerLinhaObst2e3                  05CC            LABEL
	VerColObst2e3                    05D2            LABEL
	FimVerObst2e3                    05FA            LABEL
	FimColisaoObst2e3                05FC            LABEL
	ImprimirBolaIni                  0600            LABEL
	RefleteVertical                  0613            LABEL
	RefleteHorizont                  0628            LABEL
	MudaDiagDirInf                   063D            LABEL
	MudaDiagDirSup                   0644            LABEL
	MudaDiagEsqInf                   064B            LABEL
	MudaDiagEsqSup                   0652            LABEL
	Cima                             0659            LABEL
	DiagInfDir                       065D            LABEL
	DiagSupDir                       0663            LABEL
	DiagInfEsq                       0669            LABEL
	DiagSupEsq                       066F            LABEL
	MoveBola                         0675            LABEL
	ImprimiBola                      06C8            LABEL
	ConfiguraTempo                   06DA            LABEL
	IniciaJogo                       06E5            LABEL
	Main                             06E8            LABEL
	Cycle                            070E            LABEL
	Halt                             070F            LABEL
