
	            G L O B A L   R E F E R E N C E S

	             Name               Value        Type
	==============================|=======|===============
	ATIV_TEMP                        FFF7         CONSTANT
	CONFIG_TEMP                      FFF6         CONSTANT
	CURSOR                           FFFC         CONSTANT
	CURSOR_INIT                      FFFF         CONSTANT
	END_COLUMN                       004F         CONSTANT
	END_LFU_ROW                      0010         CONSTANT
	END_LFD_ROW                      0016         CONSTANT
	END_RFU_ROW                      0010         CONSTANT
	END_RFD_ROW                      0016         CONSTANT
	END_ROW                          0017         CONSTANT
	END_WALL_ROW                     0017         CONSTANT
	INI_COLUMN                       0000         CONSTANT
	FIM_TEXTO                        0040         CONSTANT
	INI_ROW                          0000         CONSTANT
	INITIAL_SP                       FDFF         CONSTANT
	LF_COL_START                     0021         CONSTANT
	LF_ROW_START                     0013         CONSTANT
	NUM_COLUMNS                      0050         CONSTANT
	NUM_ROWS                         0018         CONSTANT
	OFF                              0000         CONSTANT
	ON                               0001         CONSTANT
	RF_COL_START                     002C         CONSTANT
	RF_ROW_START                     0013         CONSTANT
	ROW_SHIFT                        0008         CONSTANT
	START_BALL_COL                   0035         CONSTANT
	START_BALL_ROW                   0016         CONSTANT
	WALL_COLUMN_1                    0015         CONSTANT
	WALL_COLUMN_2                    0037         CONSTANT
	WALL_ROW                         0001         CONSTANT
	WRITE                            FFFE         CONSTANT
	BallColumnIndex                  8000         VARIABLE
	BallRowIndex                     8001         VARIABLE
	ColumnIndex                      8002         VARIABLE
	LifeText                         8003           STRING
	RowIndex                         800C         VARIABLE
	ScoreText                        800D           STRING
	EndColumnIndex                   8016         VARIABLE
	EndRowIndex                      8017         VARIABLE
	LeftSlopeHit                     8018         VARIABLE
	LeftFlipperHit                   8019         VARIABLE
	LeftFlipperUp                    801A         VARIABLE
	MiddlePos                        801B         VARIABLE
	RightSlopeHit                    801C         VARIABLE
	RightFlipperHit                  801D         VARIABLE
	RightFlipperUp                   801E         VARIABLE
	PosVerified                      801F         VARIABLE
	PosX                             8020         VARIABLE
	PosY                             8021         VARIABLE
	VerifyRow                        8022         VARIABLE
	VerifyColumn                     8023         VARIABLE
	InRUDM                           8024         VARIABLE
	InRDDM                           8025         VARIABLE
	InLUDM                           8026         VARIABLE
	InLDDM                           8027         VARIABLE
	InRSM                            8028         VARIABLE
	InDSM                            8029         VARIABLE
	InLSM                            802A         VARIABLE
	InUSM                            802B         VARIABLE
	INT0                             FE00         VARIABLE
	INT1                             FE01         VARIABLE
	INT2                             FE02         VARIABLE
	INT15                            FE0F         VARIABLE
	StartGame                        0002            LABEL
	IsInRowY                         0005            LABEL
	EndVerificationRow               0014            LABEL
	IsInColX                         0017            LABEL
	EndVerificationCol               0038            LABEL
	InvertDirection                  003B            LABEL
	ReflectDirection                 0050            LABEL
	VerifyUpperWallHit               0065            LABEL
	EndVerifyUpperWallHit            0082            LABEL
	VerifyRCHit1                     0085            LABEL
	VerifyRCHit2                     0094            LABEL
	VerifyRCHit3                     00A3            LABEL
	HitRC                            00B2            LABEL
	VerifyRCEnd                      00C0            LABEL
	VerifyLeCoColHit                 00C2            LABEL
	EndVerifyLeCoColHit              00D9            LABEL
	VerifyLeftCornerHit              00DB            LABEL
	EndVerLeCorHit                   011B            LABEL
	VeRiFlipper                      011E            LABEL
	EndVeRiFlipper                   0132            LABEL
	VerifyRFHit                      0135            LABEL
	VerifyRFUp                       013F            LABEL
	VerifyRFDown                     0171            LABEL
	HitRF                            01AE            LABEL
	VerifyRFEnd                      01C6            LABEL
	VeLeFlipper                      01C9            LABEL
	EndVeLeFlipper                   01DD            LABEL
	VerifyLFHit                      01E0            LABEL
	VerifyLFUp                       01EA            LABEL
	VerifyLFDown                     021C            LABEL
	HitLF                            0259            LABEL
	VerifyLFEnd                      0271            LABEL
	ObsIsInColX                      0274            LABEL
	ObsIsInRowY                      028C            LABEL
	EndObsVerification               029B            LABEL
	VerifyingColObstacle1            029E            LABEL
	EndVerifyingColOb1               02D4            LABEL
	VerifyingRowObstacle1            02D7            LABEL
	EndVerifyingRowOb1               0318            LABEL
	VerifyingColObstacle2            031A            LABEL
	EndVerifyingColOb2               0350            LABEL
	VerifyingRowObstacle2            0353            LABEL
	EndVerifyingRowOb2               0388            LABEL
	VerifyingColObstacle3            038A            LABEL
	EndVerifyingColOb3               03C0            LABEL
	VerifyingRowObstacle3            03C3            LABEL
	EndVerifyingRowOb3               0404            LABEL
	RightDecVer                      0406            LABEL
	EndRightDecVer                   041A            LABEL
	VerifyRightSlope                 041D            LABEL
	HitRightSlope                    046A            LABEL
	EndVerifyRightSlope              0482            LABEL
	LeftDecVer                       0485            LABEL
	EndLeftDecVer                    0499            LABEL
	VerifyLeftSlope                  049C            LABEL
	HitLeftSlope                     0520            LABEL
	EndVerifyLeftSlope               0538            LABEL
	VerifyingColRightWall1           053B            LABEL
	EndVerifyingColRightWall1        0549            LABEL
	VerifyingRowRightWall1           054C            LABEL
	EndVerifyingRowRightWall1        05C0            LABEL
	VerifyingColRightWall2           05C3            LABEL
	EndVerifyingColRightWall2        05D1            LABEL
	VerifyingRowRightWall2           05D4            LABEL
	EndVerifyingRowRightWall2        0610            LABEL
	SpecialVerRiWaHit                0613            LABEL
	EndSpecialVerRiWaHit             0622            LABEL
	SpecialVerifying                 0624            LABEL
	EndSpecialVerifying              0646            LABEL
	VerifyLeftWallHit                0649            LABEL
	EndVerifyLeftWallHit             0658            LABEL
	WhereIsTheBall                   065B            LABEL
	EndRowSearch                     06DE            LABEL
	ResetFlags                       06E0            LABEL
	StartBallMoves                   06EB            LABEL
	LeDoDiagonalMove                 06EF            LABEL
	RiDoDiagonalMove                 06F5            LABEL
	LeUpDiagonalMove                 06FB            LABEL
	RiUpDiagonalMove                 0701            LABEL
	ResetBall                        0707            LABEL
	MoveBall                         072D            LABEL
	EndMoveBall                      0754            LABEL
	SetTimer                         0756            LABEL
	PrintBall                        0761            LABEL
	ClearBall                        0774            LABEL
	Timer                            0787            LABEL
	EndTimer                         07A0            LABEL
	StartClearLFD                    07A4            LABEL
	ClearLFD                         07B1            LABEL
	EndClearLFD                      07C7            LABEL
	StartMoveLFU                     07CB            LABEL
	MoveLeftFlipperUp                07DA            LABEL
	EndMoveLFU                       07F0            LABEL
	StartClearLFU                    07F8            LABEL
	ClearLFU                         0805            LABEL
	EndClearLFU                      081B            LABEL
	StartMoveLFD                     081F            LABEL
	MoveLeftFlipperDown              082E            LABEL
	EndMoveLFD                       0844            LABEL
	MoveLeftFlipper                  084C            LABEL
	StartClearRFD                    0857            LABEL
	ClearRFD                         0864            LABEL
	EndClearRFD                      087A            LABEL
	StartMoveRFU                     087E            LABEL
	MoveRightFlipperUp               088D            LABEL
	EndMoveRFU                       08A3            LABEL
	StartClearRFU                    08AB            LABEL
	ClearRFU                         08B8            LABEL
	EndClearRFU                      08CE            LABEL
	StartMoveRFD                     08D2            LABEL
	MoveRightFlipperDown             08E1            LABEL
	EndMoveRFD                       08F7            LABEL
	MoveRightFlipper                 08FF            LABEL
	PrintCenterColumn                090A            LABEL
	PrintObstacle                    0941            LABEL
	PrintChannel                     0966            LABEL
	PrintLeftSlope                   0990            LABEL
	PrintRightSlope                  0A1E            LABEL
	StartScore                       0AAC            LABEL
	PrintScore                       0AB2            LABEL
	EndScore                         0AC7            LABEL
	StartLife                        0ACC            LABEL
	PrintLife                        0AD2            LABEL
	EndLife                          0AE7            LABEL
	StartHorizontalPrint             0AEC            LABEL
	HorizontalPrint                  0AEF            LABEL
	EndHorizontalPrint               0B01            LABEL
	StartVerticalPrint               0B05            LABEL
	VerticalPrint                    0B08            LABEL
	EndVerticalPrint                 0B1A            LABEL
	StartScreen                      0B1E            LABEL
	Main                             0C11            LABEL
	Cycle                            0C1B            LABEL
	Halt                             0C1C            LABEL
